# JRE version: OpenJDK Runtime Environment (17.0.6) (build 17.0.6+0-b2043.56-9586694)
# Java VM: OpenJDK 64-Bit Server VM (17.0.6+0-b2043.56-9586694, mixed mode, tiered, compressed oops, compressed class ptrs, g1 gc, windows-amd64)
GC Precious Log:
 CPUs: 8 total, 8 available
 Memory: 16108M
 Large Page Support: Disabled
 NUMA Support: Disabled
 Compressed Oops: Enabled (32-bit)
 Heap Region Size: 1M
 Heap Min Capacity: 8M
 Heap Initial Capacity: 252M
 Heap Max Capacity: 2G
 Pre-touch: Disabled
 Parallel Workers: 8
 Concurrent Workers: 2
 Concurrent Refinement Workers: 8
 Periodic GC: Disabled
Heap:
 garbage-first heap   total 232448K, used 152906K [0x0000000080000000, 0x0000000100000000)
  region size 1024K, 29 young (29696K), 5 survivors (5120K)
 Metaspace       used 73694K, committed 74304K, reserved 1114112K
  class space    used 9777K, committed 10048K, reserved 1048576K
GC Heap History (20 events):
Event: 5.483 GC heap before
{Heap before GC invocations=23 (full 0):
 garbage-first heap   total 158720K, used 101718K [0x0000000080000000, 0x0000000100000000)
  region size 1024K, 14 young (14336K), 3 survivors (3072K)
 Metaspace       used 50755K, committed 51200K, reserved 1097728K
  class space    used 6716K, committed 6912K, reserved 1048576K
}
Event: 5.487 GC heap after
{Heap after GC invocations=24 (full 0):
 garbage-first heap   total 158720K, used 92634K [0x0000000080000000, 0x0000000100000000)
  region size 1024K, 2 young (2048K), 2 survivors (2048K)
 Metaspace       used 50755K, committed 51200K, reserved 1097728K
  class space    used 6716K, committed 6912K, reserved 1048576K
}
Event: 5.993 GC heap before
{Heap before GC invocations=25 (full 0):
 garbage-first heap   total 174080K, used 127450K [0x0000000080000000, 0x0000000100000000)
  region size 1024K, 29 young (29696K), 2 survivors (2048K)
 Metaspace       used 53855K, committed 54400K, reserved 1097728K
  class space    used 7220K, committed 7488K, reserved 1048576K
}
Event: 5.995 GC heap after
{Heap after GC invocations=26 (full 0):
 garbage-first heap   total 174080K, used 101436K [0x0000000080000000, 0x0000000100000000)
  region size 1024K, 3 young (3072K), 3 survivors (3072K)
 Metaspace       used 53855K, committed 54400K, reserved 1097728K
  class space    used 7220K, committed 7488K, reserved 1048576K
}
Event: 6.373 GC heap before
{Heap before GC invocations=26 (full 0):
 garbage-first heap   total 174080K, used 130108K [0x0000000080000000, 0x0000000100000000)
  region size 1024K, 33 young (33792K), 3 survivors (3072K)
 Metaspace       used 54784K, committed 55360K, reserved 1097728K
  class space    used 7293K, committed 7552K, reserved 1048576K
}
Event: 6.377 GC heap after
{Heap after GC invocations=27 (full 0):
 garbage-first heap   total 174080K, used 103381K [0x0000000080000000, 0x0000000100000000)
  region size 1024K, 4 young (4096K), 4 survivors (4096K)
 Metaspace       used 54784K, committed 55360K, reserved 1097728K
  class space    used 7293K, committed 7552K, reserved 1048576K
}
Event: 6.425 GC heap before
{Heap before GC invocations=28 (full 0):
 garbage-first heap   total 183296K, used 110549K [0x0000000080000000, 0x0000000100000000)
  region size 1024K, 9 young (9216K), 4 survivors (4096K)
 Metaspace       used 54863K, committed 55424K, reserved 1097728K
  class space    used 7302K, committed 7552K, reserved 1048576K
}
Event: 6.429 GC heap after
{Heap after GC invocations=29 (full 0):
 garbage-first heap   total 183296K, used 110556K [0x0000000080000000, 0x0000000100000000)
  region size 1024K, 5 young (5120K), 5 survivors (5120K)
 Metaspace       used 54863K, committed 55424K, reserved 1097728K
  class space    used 7302K, committed 7552K, reserved 1048576K
}
Event: 6.630 GC heap before
{Heap before GC invocations=30 (full 0):
 garbage-first heap   total 196608K, used 139228K [0x0000000080000000, 0x0000000100000000)
  region size 1024K, 29 young (29696K), 5 survivors (5120K)
 Metaspace       used 57517K, committed 58112K, reserved 1105920K
  class space    used 7684K, committed 7936K, reserved 1048576K
}
Event: 6.633 GC heap after
{Heap after GC invocations=31 (full 0):
 garbage-first heap   total 196608K, used 118693K [0x0000000080000000, 0x0000000100000000)
  region size 1024K, 4 young (4096K), 4 survivors (4096K)
 Metaspace       used 57517K, committed 58112K, reserved 1105920K
  class space    used 7684K, committed 7936K, reserved 1048576K
}
Event: 6.921 GC heap before
{Heap before GC invocations=31 (full 0):
 garbage-first heap   total 196608K, used 146341K [0x0000000080000000, 0x0000000100000000)
  region size 1024K, 31 young (31744K), 4 survivors (4096K)
 Metaspace       used 61548K, committed 62080K, reserved 1105920K
  class space    used 8213K, committed 8448K, reserved 1048576K
}
Event: 6.923 GC heap after
{Heap after GC invocations=32 (full 0):
 garbage-first heap   total 196608K, used 119451K [0x0000000080000000, 0x0000000100000000)
  region size 1024K, 1 young (1024K), 1 survivors (1024K)
 Metaspace       used 61548K, committed 62080K, reserved 1105920K
  class space    used 8213K, committed 8448K, reserved 1048576K
}
Event: 7.178 GC heap before
{Heap before GC invocations=33 (full 0):
 garbage-first heap   total 203776K, used 133787K [0x0000000080000000, 0x0000000100000000)
  region size 1024K, 16 young (16384K), 1 survivors (1024K)
 Metaspace       used 65004K, committed 65664K, reserved 1105920K
  class space    used 8658K, committed 8960K, reserved 1048576K
}
Event: 7.181 GC heap after
{Heap after GC invocations=34 (full 0):
 garbage-first heap   total 203776K, used 121468K [0x0000000080000000, 0x0000000100000000)
  region size 1024K, 3 young (3072K), 3 survivors (3072K)
 Metaspace       used 65004K, committed 65664K, reserved 1105920K
  class space    used 8658K, committed 8960K, reserved 1048576K
}
Event: 7.488 GC heap before
{Heap before GC invocations=35 (full 0):
 garbage-first heap   total 232448K, used 161404K [0x0000000080000000, 0x0000000100000000)
  region size 1024K, 36 young (36864K), 3 survivors (3072K)
 Metaspace       used 67440K, committed 68096K, reserved 1114112K
  class space    used 8970K, committed 9280K, reserved 1048576K
}
Event: 7.492 GC heap after
{Heap after GC invocations=36 (full 0):
 garbage-first heap   total 232448K, used 124520K [0x0000000080000000, 0x0000000100000000)
  region size 1024K, 5 young (5120K), 5 survivors (5120K)
 Metaspace       used 67440K, committed 68096K, reserved 1114112K
  class space    used 8970K, committed 9280K, reserved 1048576K
}
Event: 7.674 GC heap before
{Heap before GC invocations=36 (full 0):
 garbage-first heap   total 232448K, used 143976K [0x0000000080000000, 0x0000000100000000)
  region size 1024K, 25 young (25600K), 5 survivors (5120K)
 Metaspace       used 69181K, committed 69824K, reserved 1114112K
  class space    used 9174K, committed 9472K, reserved 1048576K
}
Event: 7.677 GC heap after
{Heap after GC invocations=37 (full 0):
 garbage-first heap   total 232448K, used 126482K [0x0000000080000000, 0x0000000100000000)
  region size 1024K, 6 young (6144K), 6 survivors (6144K)
 Metaspace       used 69181K, committed 69824K, reserved 1114112K
  class space    used 9174K, committed 9472K, reserved 1048576K
}
Event: 8.147 GC heap before
{Heap before GC invocations=38 (full 0):
 garbage-first heap   total 232448K, used 175634K [0x0000000080000000, 0x0000000100000000)
  region size 1024K, 53 young (54272K), 6 survivors (6144K)
 Metaspace       used 73084K, committed 73728K, reserved 1114112K
  class space    used 9704K, committed 9984K, reserved 1048576K
}
Event: 8.151 GC heap after
{Heap after GC invocations=39 (full 0):
 garbage-first heap   total 232448K, used 129354K [0x0000000080000000, 0x0000000100000000)
  region size 1024K, 5 young (5120K), 5 survivors (5120K)
 Metaspace       used 73084K, committed 73728K, reserved 1114112K
  class space    used 9704K, committed 9984K, reserved 1048576K
}

