# JRE version: Java(TM) SE Runtime Environment (19.0.2+7) (build 19.0.2+7-44)
# Java VM: Java HotSpot(TM) 64-Bit Server VM (19.0.2+7-44, mixed mode, sharing, tiered, compressed oops, compressed class ptrs, g1 gc, windows-amd64)
GC Precious Log:
 CardTable entry size: 512
 Card Set container configuration: InlinePtr #cards 5 size 8 Array Of Cards #cards 12 size 40 Howl #buckets 4 coarsen threshold 1843 Howl Bitmap #cards 512 size 80 coarsen threshold 460 Card regions per heap region 1 cards per card region 2048
 CPUs: 8 total, 8 available
 Memory: 16108M
 Large Page Support: Disabled
 NUMA Support: Disabled
 Compressed Oops: Enabled (32-bit)
 Heap Region Size: 1M
 Heap Min Capacity: 8M
 Heap Initial Capacity: 252M
 Heap Max Capacity: 2G
 Pre-touch: Disabled
 Parallel Workers: 8
 Concurrent Workers: 2
 Concurrent Refinement Workers: 8
 Periodic GC: Disabled
Heap:
 garbage-first heap   total 290816K, used 233927K [0x0000000080000000, 0x0000000100000000)
  region size 1024K, 110 young (112640K), 2 survivors (2048K)
 Metaspace       used 108979K, committed 111168K, reserved 1179648K
  class space    used 14761K, committed 15872K, reserved 1048576K
GC Heap History (20 events):
Event: 13.098 GC heap before
{Heap before GC invocations=19 (full 0):
 garbage-first heap   total 145408K, used 113653K [0x0000000080000000, 0x0000000100000000)
  region size 1024K, 49 young (50176K), 1 survivors (1024K)
 Metaspace       used 66816K, committed 68672K, reserved 1114112K
  class space    used 9055K, committed 9984K, reserved 1048576K
}
Event: 13.100 GC heap after
{Heap after GC invocations=20 (full 0):
 garbage-first heap   total 145408K, used 67428K [0x0000000080000000, 0x0000000100000000)
  region size 1024K, 4 young (4096K), 4 survivors (4096K)
 Metaspace       used 66816K, committed 68672K, reserved 1114112K
  class space    used 9055K, committed 9984K, reserved 1048576K
}
Event: 13.656 GC heap before
{Heap before GC invocations=20 (full 0):
 garbage-first heap   total 145408K, used 114532K [0x0000000080000000, 0x0000000100000000)
  region size 1024K, 50 young (51200K), 4 survivors (4096K)
 Metaspace       used 71570K, committed 73472K, reserved 1114112K
  class space    used 9734K, committed 10688K, reserved 1048576K
}
Event: 13.661 GC heap after
{Heap after GC invocations=21 (full 0):
 garbage-first heap   total 145408K, used 71197K [0x0000000080000000, 0x0000000100000000)
  region size 1024K, 7 young (7168K), 7 survivors (7168K)
 Metaspace       used 71570K, committed 73472K, reserved 1114112K
  class space    used 9734K, committed 10688K, reserved 1048576K
}
Event: 14.163 GC heap before
{Heap before GC invocations=21 (full 0):
 garbage-first heap   total 145408K, used 116253K [0x0000000080000000, 0x0000000100000000)
  region size 1024K, 51 young (52224K), 7 survivors (7168K)
 Metaspace       used 77263K, committed 79104K, reserved 1179648K
  class space    used 10509K, committed 11456K, reserved 1048576K
}
Event: 14.168 GC heap after
{Heap after GC invocations=22 (full 0):
 garbage-first heap   total 145408K, used 75210K [0x0000000080000000, 0x0000000100000000)
  region size 1024K, 4 young (4096K), 4 survivors (4096K)
 Metaspace       used 77263K, committed 79104K, reserved 1179648K
  class space    used 10509K, committed 11456K, reserved 1048576K
}
Event: 14.451 GC heap before
{Heap before GC invocations=22 (full 0):
 garbage-first heap   total 145408K, used 117194K [0x0000000080000000, 0x0000000100000000)
  region size 1024K, 45 young (46080K), 4 survivors (4096K)
 Metaspace       used 78813K, committed 80704K, reserved 1179648K
  class space    used 10709K, committed 11648K, reserved 1048576K
}
Event: 14.457 GC heap after
{Heap after GC invocations=23 (full 0):
 garbage-first heap   total 145408K, used 80606K [0x0000000080000000, 0x0000000100000000)
  region size 1024K, 6 young (6144K), 6 survivors (6144K)
 Metaspace       used 78813K, committed 80704K, reserved 1179648K
  class space    used 10709K, committed 11648K, reserved 1048576K
}
Event: 14.756 GC heap before
{Heap before GC invocations=23 (full 0):
 garbage-first heap   total 145408K, used 116446K [0x0000000080000000, 0x0000000100000000)
  region size 1024K, 42 young (43008K), 6 survivors (6144K)
 Metaspace       used 80449K, committed 82432K, reserved 1179648K
  class space    used 11013K, committed 12032K, reserved 1048576K
}
Event: 14.762 GC heap after
{Heap after GC invocations=24 (full 0):
 garbage-first heap   total 145408K, used 86288K [0x0000000080000000, 0x0000000100000000)
  region size 1024K, 6 young (6144K), 6 survivors (6144K)
 Metaspace       used 80449K, committed 82432K, reserved 1179648K
  class space    used 11013K, committed 12032K, reserved 1048576K
}
Event: 15.148 GC heap before
{Heap before GC invocations=24 (full 0):
 garbage-first heap   total 145408K, used 117008K [0x0000000080000000, 0x0000000100000000)
  region size 1024K, 37 young (37888K), 6 survivors (6144K)
 Metaspace       used 81323K, committed 83328K, reserved 1179648K
  class space    used 11164K, committed 12224K, reserved 1048576K
}
Event: 15.153 GC heap after
{Heap after GC invocations=25 (full 0):
 garbage-first heap   total 145408K, used 89217K [0x0000000080000000, 0x0000000100000000)
  region size 1024K, 3 young (3072K), 3 survivors (3072K)
 Metaspace       used 81323K, committed 83328K, reserved 1179648K
  class space    used 11164K, committed 12224K, reserved 1048576K
}
Event: 15.454 GC heap before
{Heap before GC invocations=25 (full 0):
 garbage-first heap   total 145408K, used 117889K [0x0000000080000000, 0x0000000100000000)
  region size 1024K, 32 young (32768K), 3 survivors (3072K)
 Metaspace       used 81778K, committed 83776K, reserved 1179648K
  class space    used 11200K, committed 12224K, reserved 1048576K
}
Event: 15.458 GC heap after
{Heap after GC invocations=26 (full 0):
 garbage-first heap   total 290816K, used 91354K [0x0000000080000000, 0x0000000100000000)
  region size 1024K, 3 young (3072K), 3 survivors (3072K)
 Metaspace       used 81778K, committed 83776K, reserved 1179648K
  class space    used 11200K, committed 12224K, reserved 1048576K
}
Event: 211.608 GC heap before
{Heap before GC invocations=26 (full 0):
 garbage-first heap   total 290816K, used 224474K [0x0000000080000000, 0x0000000100000000)
  region size 1024K, 134 young (137216K), 3 survivors (3072K)
 Metaspace       used 83733K, committed 85760K, reserved 1179648K
  class space    used 11347K, committed 12416K, reserved 1048576K
}
Event: 211.619 GC heap after
{Heap after GC invocations=27 (full 0):
 garbage-first heap   total 290816K, used 100081K [0x0000000080000000, 0x0000000100000000)
  region size 1024K, 11 young (11264K), 11 survivors (11264K)
 Metaspace       used 83733K, committed 85760K, reserved 1179648K
  class space    used 11347K, committed 12416K, reserved 1048576K
}
Event: 215.403 GC heap before
{Heap before GC invocations=27 (full 0):
 garbage-first heap   total 290816K, used 225009K [0x0000000080000000, 0x0000000100000000)
  region size 1024K, 134 young (137216K), 11 survivors (11264K)
 Metaspace       used 97877K, committed 100032K, reserved 1179648K
  class space    used 13096K, committed 14208K, reserved 1048576K
}
Event: 215.415 GC heap after
{Heap after GC invocations=28 (full 0):
 garbage-first heap   total 290816K, used 113254K [0x0000000080000000, 0x0000000100000000)
  region size 1024K, 13 young (13312K), 13 survivors (13312K)
 Metaspace       used 97877K, committed 100032K, reserved 1179648K
  class space    used 13096K, committed 14208K, reserved 1048576K
}
Event: 215.492 GC heap before
{Heap before GC invocations=28 (full 0):
 garbage-first heap   total 290816K, used 118374K [0x0000000080000000, 0x0000000100000000)
  region size 1024K, 19 young (19456K), 13 survivors (13312K)
 Metaspace       used 99555K, committed 101696K, reserved 1179648K
  class space    used 13315K, committed 14464K, reserved 1048576K
}
Event: 215.499 GC heap after
{Heap after GC invocations=29 (full 0):
 garbage-first heap   total 290816K, used 115143K [0x0000000080000000, 0x0000000100000000)
  region size 1024K, 2 young (2048K), 2 survivors (2048K)
 Metaspace       used 99555K, committed 101696K, reserved 1179648K
  class space    used 13315K, committed 14464K, reserved 1048576K
}

